ChallengeAndroidWear/mobile/build/outputs/apk/manifest-merger-debug-report.txt
-- Merging decision tree log ---
manifest
ADDED from AndroidManifest.xml:2:1
	xmlns:android
		ADDED from AndroidManifest.xml:2:11
	package
		ADDED from AndroidManifest.xml:3:5
		INJECTED from AndroidManifest.xml:0:0
		INJECTED from AndroidManifest.xml:0:0
	android:versionName
		INJECTED from AndroidManifest.xml:0:0
		INJECTED from AndroidManifest.xml:0:0
	android:versionCode
		INJECTED from AndroidManifest.xml:0:0
		INJECTED from AndroidManifest.xml:0:0
uses-permission#android.permission.INTERNET
ADDED from AndroidManifest.xml:5:5
MERGED from com.twitter.sdk.android:tweet-composer:0.7.2:11:5
MERGED from com.twitter.sdk.android:twitter-core:1.1.1:11:5
MERGED from com.twitter.sdk.android:tweet-ui:1.0.3:11:5
MERGED from com.twitter.sdk.android:twitter-core:1.1.1:11:5
MERGED from com.twitter.sdk.android:twitter-core:1.1.1:11:5
MERGED from com.digits.sdk.android:digits:1.1.0:11:5
MERGED from com.twitter.sdk.android:twitter-core:1.1.1:11:5
	android:name
		ADDED from AndroidManifest.xml:5:22
uses-permission#android.permission.WRITE_EXTERNAL_STORAGE
ADDED from AndroidManifest.xml:6:5
	android:name
		ADDED from AndroidManifest.xml:6:22
uses-permission#android.permission.RECEIVE_BOOT_COMPLETED
ADDED from AndroidManifest.xml:7:5
	android:name
		ADDED from AndroidManifest.xml:7:22
uses-permission#android.permission.WAKE_LOCK
ADDED from AndroidManifest.xml:8:5
	android:name
		ADDED from AndroidManifest.xml:8:22
application
ADDED from AndroidManifest.xml:10:5
MERGED from com.android.support:appcompat-v7:21.0.3:16:5
MERGED from com.android.support:support-v4:21.0.3:16:5
MERGED from com.google.android.gms:play-services:6.5.87:20:5
MERGED from com.android.support:support-v4:21.0.3:16:5
MERGED from com.twitter.sdk.android:twitter:1.1.1:11:5
MERGED from com.twitter.sdk.android:tweet-composer:0.7.2:13:5
MERGED from io.fabric.sdk.android:fabric:1.1.0:11:5
MERGED from com.twitter.sdk.android:twitter-core:1.1.1:13:5
MERGED from io.fabric.sdk.android:fabric:1.1.0:11:5
MERGED from com.twitter.sdk.android:tweet-ui:1.0.3:13:5
MERGED from com.twitter.sdk.android:twitter-core:1.1.1:13:5
MERGED from io.fabric.sdk.android:fabric:1.1.0:11:5
MERGED from com.android.support:support-v4:21.0.3:16:5
MERGED from io.fabric.sdk.android:fabric:1.1.0:11:5
MERGED from com.twitter.sdk.android:twitter-core:1.1.1:13:5
MERGED from io.fabric.sdk.android:fabric:1.1.0:11:5
MERGED from com.digits.sdk.android:digits:1.1.0:13:5
MERGED from com.twitter.sdk.android:twitter-core:1.1.1:13:5
MERGED from io.fabric.sdk.android:fabric:1.1.0:11:5
MERGED from io.fabric.sdk.android:fabric:1.1.0:11:5
MERGED from io.fabric.sdk.android:fabric:1.1.0:11:5
	android:label
		ADDED from AndroidManifest.xml:13:9
	android:allowBackup
		ADDED from AndroidManifest.xml:11:9
	android:icon
		ADDED from AndroidManifest.xml:12:9
	android:theme
		ADDED from AndroidManifest.xml:14:9
activity#com.example.damien.challengeandroidwear.ChallengeActivity
ADDED from AndroidManifest.xml:15:9
	android:label
		ADDED from AndroidManifest.xml:17:13
	android:name
		ADDED from AndroidManifest.xml:16:13
intent-filter#android.intent.action.MAIN+android.intent.category.LAUNCHER
ADDED from AndroidManifest.xml:18:13
action#android.intent.action.MAIN
ADDED from AndroidManifest.xml:19:17
	android:name
		ADDED from AndroidManifest.xml:19:25
category#android.intent.category.LAUNCHER
ADDED from AndroidManifest.xml:21:17
	android:name
		ADDED from AndroidManifest.xml:21:27
activity#com.example.damien.challengeandroidwear.freefeature.AddAlarmActivity
ADDED from AndroidManifest.xml:24:9
	android:name
		ADDED from AndroidManifest.xml:24:19
activity#com.example.damien.challengeandroidwear.freefeature.AlarmScreenActivity
ADDED from AndroidManifest.xml:25:9
	android:name
		ADDED from AndroidManifest.xml:25:19
activity#com.example.damien.challengeandroidwear.freefeature.AlarmWidgetActivity
ADDED from AndroidManifest.xml:26:9
	android:name
		ADDED from AndroidManifest.xml:26:19
service#com.example.damien.challengeandroidwear.freefeature.alarm.AlarmService
ADDED from AndroidManifest.xml:28:9
	android:enabled
		ADDED from AndroidManifest.xml:28:65
	android:name
		ADDED from AndroidManifest.xml:28:18
receiver#com.example.damien.challengeandroidwear.freefeature.alarm.AlarmManagerBroadcast
ADDED from AndroidManifest.xml:30:9
	android:name
		ADDED from AndroidManifest.xml:30:19
intent-filter#android.intent.action.BOOT_COMPLETED
ADDED from AndroidManifest.xml:31:13
action#android.intent.action.BOOT_COMPLETED
ADDED from AndroidManifest.xml:32:17
	android:name
		ADDED from AndroidManifest.xml:32:25
receiver#com.example.damien.challengeandroidwear.freefeature.AlarmWidgetProvider
ADDED from AndroidManifest.xml:36:9
	android:name
		ADDED from AndroidManifest.xml:36:19
intent-filter#android.appwidget.action.APPWIDGET_UPDATE
ADDED from AndroidManifest.xml:37:13
action#android.appwidget.action.APPWIDGET_UPDATE
ADDED from AndroidManifest.xml:38:17
	android:name
		ADDED from AndroidManifest.xml:38:25
meta-data#android.appwidget.provider
ADDED from AndroidManifest.xml:40:13
	android:resource
		ADDED from AndroidManifest.xml:40:66
	android:name
		ADDED from AndroidManifest.xml:40:24
meta-data#com.crashlytics.ApiKey
ADDED from AndroidManifest.xml:43:9
	android:name
		ADDED from AndroidManifest.xml:44:13
	android:value
		ADDED from AndroidManifest.xml:45:13
meta-data#com.google.android.gms.version
ADDED from AndroidManifest.xml:47:9
MERGED from com.google.android.gms:play-services:6.5.87:21:9
	android:name
		ADDED from AndroidManifest.xml:48:13
	android:value
		ADDED from AndroidManifest.xml:49:13
uses-sdk
INJECTED from AndroidManifest.xml:0:0 reason: use-sdk injection requested
MERGED from com.android.support:appcompat-v7:21.0.3:15:5
MERGED from com.android.support:support-v4:21.0.3:15:5
MERGED from com.google.android.gms:play-services:6.5.87:18:5
MERGED from com.android.support:support-v4:21.0.3:15:5
MERGED from com.twitter.sdk.android:twitter:1.1.1:7:5
MERGED from com.twitter.sdk.android:tweet-composer:0.7.2:7:5
MERGED from io.fabric.sdk.android:fabric:1.1.0:7:5
MERGED from com.twitter.sdk.android:twitter-core:1.1.1:7:5
MERGED from io.fabric.sdk.android:fabric:1.1.0:7:5
MERGED from com.twitter.sdk.android:tweet-ui:1.0.3:7:5
MERGED from com.twitter.sdk.android:twitter-core:1.1.1:7:5
MERGED from io.fabric.sdk.android:fabric:1.1.0:7:5
MERGED from com.android.support:support-v4:21.0.3:15:5
MERGED from io.fabric.sdk.android:fabric:1.1.0:7:5
MERGED from com.twitter.sdk.android:twitter-core:1.1.1:7:5
MERGED from io.fabric.sdk.android:fabric:1.1.0:7:5
MERGED from com.digits.sdk.android:digits:1.1.0:7:5
MERGED from com.twitter.sdk.android:twitter-core:1.1.1:7:5
MERGED from io.fabric.sdk.android:fabric:1.1.0:7:5
MERGED from io.fabric.sdk.android:fabric:1.1.0:7:5
MERGED from io.fabric.sdk.android:fabric:1.1.0:7:5
	android:targetSdkVersion
		INJECTED from AndroidManifest.xml:0:0
		INJECTED from AndroidManifest.xml:0:0
	android:minSdkVersion
		INJECTED from AndroidManifest.xml:0:0
		INJECTED from AndroidManifest.xml:0:0
activity#com.twitter.sdk.android.core.identity.OAuthActivity
ADDED from com.twitter.sdk.android:twitter-core:1.1.1:14:9
MERGED from com.twitter.sdk.android:twitter-core:1.1.1:14:9
MERGED from com.twitter.sdk.android:twitter-core:1.1.1:14:9
MERGED from com.twitter.sdk.android:twitter-core:1.1.1:14:9
	android:configChanges
		ADDED from com.twitter.sdk.android:twitter-core:1.1.1:16:13
	android:exported
		ADDED from com.twitter.sdk.android:twitter-core:1.1.1:18:13
	android:excludeFromRecents
		ADDED from com.twitter.sdk.android:twitter-core:1.1.1:17:13
	android:name
		ADDED from com.twitter.sdk.android:twitter-core:1.1.1:15:13
activity#com.twitter.sdk.android.core.identity.ShareEmailActivity
ADDED from com.twitter.sdk.android:twitter-core:1.1.1:19:9
MERGED from com.twitter.sdk.android:twitter-core:1.1.1:19:9
MERGED from com.twitter.sdk.android:twitter-core:1.1.1:19:9
MERGED from com.twitter.sdk.android:twitter-core:1.1.1:19:9
	android:label
		ADDED from com.twitter.sdk.android:twitter-core:1.1.1:25:13
	android:icon
		ADDED from com.twitter.sdk.android:twitter-core:1.1.1:24:13
	android:configChanges
		ADDED from com.twitter.sdk.android:twitter-core:1.1.1:21:13
	android:exported
		ADDED from com.twitter.sdk.android:twitter-core:1.1.1:23:13
	android:excludeFromRecents
		ADDED from com.twitter.sdk.android:twitter-core:1.1.1:22:13
	android:name
		ADDED from com.twitter.sdk.android:twitter-core:1.1.1:20:13
activity#com.digits.sdk.android.PhoneNumberActivity
ADDED from com.digits.sdk.android:digits:1.1.0:14:9
	android:windowSoftInputMode
		ADDED from com.digits.sdk.android:digits:1.1.0:20:13
	android:configChanges
		ADDED from com.digits.sdk.android:digits:1.1.0:16:13
	android:exported
		ADDED from com.digits.sdk.android:digits:1.1.0:18:13
	android:excludeFromRecents
		ADDED from com.digits.sdk.android:digits:1.1.0:17:13
	android:taskAffinity
		ADDED from com.digits.sdk.android:digits:1.1.0:19:13
	android:name
		ADDED from com.digits.sdk.android:digits:1.1.0:15:13
activity#com.digits.sdk.android.ConfirmationCodeActivity
ADDED from com.digits.sdk.android:digits:1.1.0:21:9
	android:windowSoftInputMode
		ADDED from com.digits.sdk.android:digits:1.1.0:27:13
	android:configChanges
		ADDED from com.digits.sdk.android:digits:1.1.0:23:13
	android:exported
		ADDED from com.digits.sdk.android:digits:1.1.0:25:13
	android:excludeFromRecents
		ADDED from com.digits.sdk.android:digits:1.1.0:24:13
	android:taskAffinity
		ADDED from com.digits.sdk.android:digits:1.1.0:26:13
	android:name
		ADDED from com.digits.sdk.android:digits:1.1.0:22:13
activity#com.digits.sdk.android.LoginCodeActivity
ADDED from com.digits.sdk.android:digits:1.1.0:28:9
	android:windowSoftInputMode
		ADDED from com.digits.sdk.android:digits:1.1.0:35:13
	android:configChanges
		ADDED from com.digits.sdk.android:digits:1.1.0:30:13
	android:exported
		ADDED from com.digits.sdk.android:digits:1.1.0:32:13
	android:excludeFromRecents
		ADDED from com.digits.sdk.android:digits:1.1.0:31:13
	android:taskAffinity
		ADDED from com.digits.sdk.android:digits:1.1.0:34:13
	android:name
		ADDED from com.digits.sdk.android:digits:1.1.0:29:13
	android:launchMode
		ADDED from com.digits.sdk.android:digits:1.1.0:33:13
activity#com.digits.sdk.android.TwitterLoginActivity
ADDED from com.digits.sdk.android:digits:1.1.0:36:9
	android:configChanges
		ADDED from com.digits.sdk.android:digits:1.1.0:38:13
	android:exported
		ADDED from com.digits.sdk.android:digits:1.1.0:40:13
	android:excludeFromRecents
		ADDED from com.digits.sdk.android:digits:1.1.0:39:13
	android:taskAffinity
		ADDED from com.digits.sdk.android:digits:1.1.0:41:13
	android:name
		ADDED from com.digits.sdk.android:digits:1.1.0:37:13
activity#com.digits.sdk.android.PhoneNumberActionBarActivity
ADDED from com.digits.sdk.android:digits:1.1.0:42:9
	android:windowSoftInputMode
		ADDED from com.digits.sdk.android:digits:1.1.0:48:13
	android:configChanges
		ADDED from com.digits.sdk.android:digits:1.1.0:44:13
	android:exported
		ADDED from com.digits.sdk.android:digits:1.1.0:46:13
	android:excludeFromRecents
		ADDED from com.digits.sdk.android:digits:1.1.0:45:13
	android:taskAffinity
		ADDED from com.digits.sdk.android:digits:1.1.0:47:13
	android:name
		ADDED from com.digits.sdk.android:digits:1.1.0:43:13
activity#com.digits.sdk.android.ConfirmationCodeActionBarActivity
ADDED from com.digits.sdk.android:digits:1.1.0:49:9
	android:windowSoftInputMode
		ADDED from com.digits.sdk.android:digits:1.1.0:55:13
	android:configChanges
		ADDED from com.digits.sdk.android:digits:1.1.0:51:13
	android:exported
		ADDED from com.digits.sdk.android:digits:1.1.0:53:13
	android:excludeFromRecents
		ADDED from com.digits.sdk.android:digits:1.1.0:52:13
	android:taskAffinity
		ADDED from com.digits.sdk.android:digits:1.1.0:54:13
	android:name
		ADDED from com.digits.sdk.android:digits:1.1.0:50:13
activity#com.digits.sdk.android.LoginCodeActionBarActivity
ADDED from com.digits.sdk.android:digits:1.1.0:56:9
	android:windowSoftInputMode
		ADDED from com.digits.sdk.android:digits:1.1.0:63:13
	android:configChanges
		ADDED from com.digits.sdk.android:digits:1.1.0:58:13
	android:exported
		ADDED from com.digits.sdk.android:digits:1.1.0:60:13
	android:excludeFromRecents
		ADDED from com.digits.sdk.android:digits:1.1.0:59:13
	android:taskAffinity
		ADDED from com.digits.sdk.android:digits:1.1.0:62:13
	android:name
		ADDED from com.digits.sdk.android:digits:1.1.0:57:13
	android:launchMode
		ADDED from com.digits.sdk.android:digits:1.1.0:61:13
activity#com.digits.sdk.android.TwitterLoginActionBarActivity
ADDED from com.digits.sdk.android:digits:1.1.0:64:9
	android:configChanges
		ADDED from com.digits.sdk.android:digits:1.1.0:66:13
	android:exported
		ADDED from com.digits.sdk.android:digits:1.1.0:68:13
	android:excludeFromRecents
		ADDED from com.digits.sdk.android:digits:1.1.0:67:13
	android:taskAffinity
		ADDED from com.digits.sdk.android:digits:1.1.0:69:13
	android:name
		ADDED from com.digits.sdk.android:digits:1.1.0:65:13